| RAM[0] | RAM[1] | RAM[2] | RAM[3] |
|     17 |      3 |      5 |      2 |
|   1000 |      3 |    333 |      1 |
|  10000 |   3782 |      2 |   2436 |
|   1216 |  12412 |      0 |   1216 |
|   7399 |   9907 |      0 |   7399 |
|  15173 |  23984 |      0 |  15173 |
|  13695 |  20363 |      0 |  13695 |
|   6816 |  10167 |      0 |   6816 |
|   8650 |  25315 |      0 |   8650 |
|   9424 |  24663 |      0 |   9424 |
|  10030 |  26295 |      0 |  10030 |
|   8909 |  31105 |      0 |   8909 |
|  12167 |  25161 |      0 |  12167 |
|   8461 |   8461 |      1 |      0 |
|   2275 |   2275 |      1 |      0 |
|   5198 |   5198 |      1 |      0 |
|  15082 |  15082 |      1 |      0 |
|   1701 |   1701 |      1 |      0 |
|  27457 |  27457 |      1 |      0 |
|  20959 |  20959 |      1 |      0 |
|   3934 |   3934 |      1 |      0 |
|  20676 |  20676 |      1 |      0 |
|  26360 |  26360 |      1 |      0 |
|  25563 |   7945 |      3 |   1728 |
|  17034 |  12587 |      1 |   4447 |
|  28144 |  25438 |      1 |   2706 |
|  28950 |  21826 |      1 |   7124 |
|   8561 |   6873 |      1 |   1688 |
|   6754 |    679 |      9 |    643 |
|   4442 |   1985 |      2 |    472 |
|  20795 |   4262 |      4 |   3747 |
|   8757 |   6318 |      1 |   2439 |
|  29911 |   7675 |      3 |   6886 |
|  10670 |   4656 |      2 |   1358 |
|   7722 |    333 |     23 |     63 |
|  25346 |  12776 |      1 |  12570 |
|  28246 |  20989 |      1 |   7257 |
|  24153 |  17724 |      1 |   6429 |
|   8852 |    428 |     20 |    292 |
|   7585 |   1693 |      4 |    813 |
|  12484 |   1072 |     11 |    692 |
|   4659 |    714 |      6 |    375 |
|   8415 |   5098 |      1 |   3317 |
|  32548 |   2748 |     11 |   2320 |
|  24886 |  22076 |      1 |   2810 |
|  26746 |  19275 |      1 |   7471 |
|   3310 |   1245 |      2 |    820 |
|  24636 |   4395 |      5 |   2661 |
|  11669 |  10461 |      1 |   1208 |
|   1408 |    422 |      3 |    142 |
|  20569 |  12745 |      1 |   7824 |
|  22245 |   7500 |      2 |   7245 |
|   7249 |   3383 |      2 |    483 |
|  21520 |  17924 |      1 |   3596 |
|   1242 |   1220 |      1 |     22 |
|  22967 |  14055 |      1 |   8912 |
|  18416 |   8023 |      2 |   2370 |
|   4126 |   3280 |      1 |    846 |
|  22643 |  20995 |      1 |   1648 |
|   8443 |   7104 |      1 |   1339 |
|  30729 |  17474 |      1 |  13255 |
|  19631 |   8922 |      2 |   1787 |
|  19733 |  19111 |      1 |    622 |
|  20967 |  16122 |      1 |   4845 |
|  31488 |   7143 |      4 |   2916 |
|    467 |    427 |      1 |     40 |
|  27979 |  12299 |      2 |   3381 |
|  28155 |  24639 |      1 |   3516 |
|  26047 |   8988 |      2 |   8071 |
|  20341 |  16114 |      1 |   4227 |
|  11720 |   2949 |      3 |   2873 |
|  27797 |  10304 |      2 |   7189 |
|   5537 |    188 |     29 |     85 |
|  15392 |   4477 |      3 |   1961 |
|   9936 |   3241 |      3 |    213 |
|    617 |     96 |      6 |     41 |
|  29674 |  28146 |      1 |   1528 |
|   7531 |   2771 |      2 |   1989 |
|   9905 |   5881 |      1 |   4024 |
|  15288 |   6715 |      2 |   1858 |
|   3254 |    826 |      3 |    776 |
|  22587 |  21840 |      1 |    747 |
|  19260 |  13262 |      1 |   5998 |
|  18168 |  14940 |      1 |   3228 |
|  30792 |   1397 |     22 |     58 |
|  29863 |  14749 |      2 |    365 |
|   5479 |   2224 |      2 |   1031 |
|  27852 |  22010 |      1 |   5842 |
|  26522 |   8979 |      2 |   8564 |
|  24056 |  20370 |      1 |   3686 |
|  11720 |   8279 |      1 |   3441 |
|    320 |    227 |      1 |     93 |
|  12856 |   8627 |      1 |   4229 |
|  29398 |  22679 |      1 |   6719 |
|  30284 |   1579 |     19 |    283 |
|  23614 |  12926 |      1 |  10688 |
|   4373 |   3513 |      1 |    860 |
|   2786 |   1738 |      1 |   1048 |
|  14723 |   2357 |      6 |    581 |
|  14640 |   3945 |      3 |   2805 |
|   9812 |   3971 |      2 |   1870 |
|  12772 |   6329 |      2 |    114 |
|  12584 |  11991 |      1 |    593 |
|   3327 |   2000 |      1 |   1327 |
|  18982 |   6720 |      2 |   5542 |
|  26684 |  10432 |      2 |   5820 |
|  17741 |  13177 |      1 |   4564 |
|  32453 |  11776 |      2 |   8901 |
|    828 |     48 |     17 |     12 |
|  16135 |   3057 |      5 |    850 |
|   8500 |   4387 |      1 |   4113 |
|   6738 |   3330 |      2 |     78 |
|  21793 |   3354 |      6 |   1669 |
|  22782 |  12440 |      1 |  10342 |
|  32518 |  11913 |      2 |   8692 |
|   9952 |   6949 |      1 |   3003 |
|  19487 |   6079 |      3 |   1250 |
|  10685 |   5459 |      1 |   5226 |
|  20525 |  14298 |      1 |   6227 |
|  26832 |   5220 |      5 |    732 |
|  11593 |   9515 |      1 |   2078 |
|  24485 |  14600 |      1 |   9885 |
|   6883 |   5827 |      1 |   1056 |
|  18750 |   6691 |      2 |   5368 |
|   1030 |    189 |      5 |     85 |
|   4958 |   1808 |      2 |   1342 |
|  29404 |  21283 |      1 |   8121 |
|  13911 |    201 |     69 |     42 |
|   9141 |   3676 |      2 |   1789 |
|  10209 |   9064 |      1 |   1145 |
|  11886 |   3698 |      3 |    792 |
|  31554 |   4380 |      7 |    894 |
|   2023 |   1391 |      1 |    632 |
|  30132 |  18076 |      1 |  12056 |
|  14736 |   4198 |      3 |   2142 |
|  21086 |   3659 |      5 |   2791 |
|  20405 |   2036 |     10 |     45 |
|  27419 |   3461 |      7 |   3192 |
|  13580 |   8494 |      1 |   5086 |
|    844 |    219 |      3 |    187 |
|  30606 |  27708 |      1 |   2898 |
|   1673 |   1573 |      1 |    100 |
|   9448 |   5239 |      1 |   4209 |
|   3191 |   1475 |      2 |    241 |
|  15869 |  11244 |      1 |   4625 |
|  23391 |   4057 |      5 |   3106 |
|  27234 |  15185 |      1 |  12049 |
|  14511 |   3422 |      4 |    823 |
|  11119 |     26 |    427 |     17 |
|  20711 |  15290 |      1 |   5421 |
|  14097 |   6986 |      2 |    125 |
|  20095 |   9597 |      2 |    901 |
|  23473 |  21365 |      1 |   2108 |
|   9251 |   2548 |      3 |   1607 |
|  14276 |   5182 |      2 |   3912 |
|  11435 |   4175 |      2 |   3085 |
|  30007 |  27189 |      1 |   2818 |
|  20086 |  13875 |      1 |   6211 |
|   7363 |   3634 |      2 |     95 |
|   6695 |   3005 |      2 |    685 |
|  22825 |  15016 |      1 |   7809 |
|   3131 |    703 |      4 |    319 |
|  10784 |   5986 |      1 |   4798 |
|   9950 |   9864 |      1 |     86 |
|  28881 |   2287 |     12 |   1437 |
|   4372 |     77 |     56 |     60 |
|  21399 |   4801 |      4 |   2195 |
|  23738 |  22424 |      1 |   1314 |
|   3012 |   1307 |      2 |    398 |
|  10022 |   9063 |      1 |    959 |
|    441 |    389 |      1 |     52 |
|   4972 |    667 |      7 |    303 |
|  31992 |  13781 |      2 |   4430 |
|   7152 |   6585 |      1 |    567 |
|  24338 |  17261 |      1 |   7077 |
|  13252 |   7614 |      1 |   5638 |
|   9504 |   6948 |      1 |   2556 |
|  21635 |  19268 |      1 |   2367 |
|  27111 |  17984 |      1 |   9127 |
|  16321 |   4927 |      3 |   1540 |
|   1223 |     82 |     14 |     75 |
|  10649 |   8965 |      1 |   1684 |
|   1173 |      7 |    167 |      4 |
|  17266 |  11889 |      1 |   5377 |
|  22453 |    325 |     69 |     28 |
|  22992 |   1906 |     12 |    120 |
|  32132 |  29551 |      1 |   2581 |
|   7469 |   6563 |      1 |    906 |
|  30265 |   1335 |     22 |    895 |
|  30753 |  22640 |      1 |   8113 |
|  30194 |   9725 |      3 |   1019 |
|   3246 |   1721 |      1 |   1525 |
|  23318 |  15763 |      1 |   7555 |
|  12297 |   2007 |      6 |    255 |
|   5665 |   1492 |      3 |   1189 |
|   2888 |   1261 |      2 |    366 |
|  21612 |  11532 |      1 |  10080 |
|   7504 |   1651 |      4 |    900 |
|  13369 |   2358 |      5 |   1579 |
|   9311 |   2033 |      4 |   1179 |
|  23397 |  16356 |      1 |   7041 |
|  12572 |  10536 |      1 |   2036 |
|  31910 |  27551 |      1 |   4359 |
|   9182 |   2790 |      3 |    812 |
|  25187 |  22976 |      1 |   2211 |
|  21066 |    874 |     24 |     90 |
|  29815 |  17608 |      1 |  12207 |
|  25128 |  23198 |      1 |   1930 |
|  10189 |   4896 |      2 |    397 |
|  17823 |  10424 |      1 |   7399 |
|   2176 |    436 |      4 |    432 |
|  23636 |  12825 |      1 |  10811 |
|  30757 |  19072 |      1 |  11685 |
|  31923 |   5674 |      5 |   3553 |
|   4319 |   4256 |      1 |     63 |
|  29739 |  15641 |      1 |  14098 |
|   5303 |   3407 |      1 |   1896 |
|   1245 |   1069 |      1 |    176 |
|   7673 |   6839 |      1 |    834 |
|  23721 |  21661 |      1 |   2060 |
|   1623 |     66 |     24 |     39 |
|  10522 |   6932 |      1 |   3590 |
|  31184 |   3444 |      9 |    188 |
|  21136 |  17295 |      1 |   3841 |
|  13849 |   1355 |     10 |    299 |
|  23682 |  21083 |      1 |   2599 |
|  13538 |   2098 |      6 |    950 |
|  22025 |   8745 |      2 |   4535 |
|  27209 |   7712 |      3 |   4073 |
|   1979 |    256 |      7 |    187 |
|  23684 |  22833 |      1 |    851 |
|  13787 |   9109 |      1 |   4678 |
|   9957 |   6821 |      1 |   3136 |
|  25825 |  25267 |      1 |    558 |
|   6956 |    841 |      8 |    228 |
|   5681 |    921 |      6 |    155 |
|  28337 |  14794 |      1 |  13543 |
|   3016 |   1938 |      1 |   1078 |
|   1024 |    801 |      1 |    223 |
|  18004 |   5326 |      3 |   2026 |
|    329 |    133 |      2 |     63 |
|  15404 |  13552 |      1 |   1852 |
|   6959 |   3444 |      2 |     71 |
|   9963 |   5973 |      1 |   3990 |
|   6797 |   2311 |      2 |   2175 |
|  15831 |   7307 |      2 |   1217 |
|  29868 |   5889 |      5 |    423 |
|  26069 |   1077 |     24 |    221 |
|  31593 |    451 |     70 |     23 |
|   3824 |   3151 |      1 |    673 |
|  24148 |  18030 |      1 |   6118 |
|   3062 |    846 |      3 |    524 |
|   1845 |   1571 |      1 |    274 |
|  31809 |    808 |     39 |    297 |
|  16358 |  15374 |      1 |    984 |
|   5446 |   3820 |      1 |   1626 |
|   5119 |   3331 |      1 |   1788 |
|  14484 |   1889 |      7 |   1261 |
|  26037 |  13770 |      1 |  12267 |
|  15091 |   7284 |      2 |    523 |
|  30907 |  23650 |      1 |   7257 |
|  13283 |   2099 |      6 |    689 |
|   4692 |   2918 |      1 |   1774 |
|   6361 |   6228 |      1 |    133 |
|   8156 |   4977 |      1 |   3179 |
|  23648 |  12500 |      1 |  11148 |
|  12766 |  11487 |      1 |   1279 |
|  19195 |   9385 |      2 |    425 |
|  10228 |   4503 |      2 |   1222 |
|   4852 |   1723 |      2 |   1406 |
|  22709 |   9161 |      2 |   4387 |
|  16997 |   1755 |      9 |   1202 |
|  20182 |  14183 |      1 |   5999 |
|  17448 |   9754 |      1 |   7694 |
|  22441 |  14257 |      1 |   8184 |
|   7642 |   7385 |      1 |    257 |
|  14696 |   1062 |     13 |    890 |
|  14241 |   8890 |      1 |   5351 |
|  19525 |   1866 |     10 |    865 |
|  13328 |   8658 |      1 |   4670 |
|   9922 |   7234 |      1 |   2688 |
|   1247 |    168 |      7 |     71 |
|   8950 |   6828 |      1 |   2122 |
|  20030 |   1890 |     10 |   1130 |
|  16868 |  10436 |      1 |   6432 |
|  21088 |   6581 |      3 |   1345 |
|  23226 |  22700 |      1 |    526 |
|  12255 |    830 |     14 |    635 |
|  26871 |  20555 |      1 |   6316 |
|  23267 |  16475 |      1 |   6792 |
|    301 |    218 |      1 |     83 |
|  28372 |   1923 |     14 |   1450 |
|  12241 |   3317 |      3 |   2290 |
|   5946 |   3674 |      1 |   2272 |
|   3447 |   2078 |      1 |   1369 |
|  27978 |   9847 |      2 |   8284 |
|  10226 |   4054 |      2 |   2118 |
|   5172 |   1035 |      4 |   1032 |
|    588 |    216 |      2 |    156 |
|  23665 |  13731 |      1 |   9934 |
|   4136 |   2509 |      1 |   1627 |
|  24450 |  20912 |      1 |   3538 |
|  16270 |   8206 |      1 |   8064 |
|  11605 |  10817 |      1 |    788 |
|  13609 |   8425 |      1 |   5184 |
|  22698 |   7681 |      2 |   7336 |
|  23938 |   8310 |      2 |   7318 |
|  13991 |   6188 |      2 |   1615 |
|  30596 |  24641 |      1 |   5955 |
|  23663 |  12108 |      1 |  11555 |
|   8611 |   6622 |      1 |   1989 |
|  11442 |   9961 |      1 |   1481 |
|   2052 |    914 |      2 |    224 |
|  31020 |   1843 |     16 |   1532 |
|  14315 |   7345 |      1 |   6970 |
|   9382 |   2800 |      3 |    982 |
|   5604 |   1951 |      2 |   1702 |
|   3227 |   2389 |      1 |    838 |
|  28575 |  20867 |      1 |   7708 |
|   2351 |    884 |      2 |    583 |
|    354 |     39 |      9 |      3 |
|   6328 |   5393 |      1 |    935 |
|  16576 |    502 |     33 |     10 |
|  31922 |  20526 |      1 |  11396 |
|  25630 |  15326 |      1 |  10304 |
|  10922 |  10320 |      1 |    602 |
|  27265 |  20963 |      1 |   6302 |
|   7472 |    409 |     18 |    110 |
|  24134 |   4792 |      5 |    174 |
|  23117 |  19092 |      1 |   4025 |
|  24112 |  11438 |      2 |   1236 |
|  30311 |   3055 |      9 |   2816 |
|  23582 |  11495 |      2 |    592 |
|  25897 |   2032 |     12 |   1513 |
|  29681 |  18387 |      1 |  11294 |
|  24375 |  19369 |      1 |   5006 |
|   2524 |   1663 |      1 |    861 |
|  19341 |  16261 |      1 |   3080 |
|  19113 |   4099 |      4 |   2717 |
|  10960 |    422 |     25 |    410 |
|  16857 |   9718 |      1 |   7139 |
|  25269 |   2762 |      9 |    411 |
|  22629 |  12055 |      1 |  10574 |
|  26194 |   9994 |      2 |   6206 |
|   1343 |     27 |     49 |     20 |
|  28183 |  10982 |      2 |   6219 |
|  31292 |  11285 |      2 |   8722 |
|   8413 |   7178 |      1 |   1235 |
|  14284 |   1897 |      7 |   1005 |
|   8076 |   5860 |      1 |   2216 |
|  18352 |  15328 |      1 |   3024 |
|  23621 |  12919 |      1 |  10702 |
|  12471 |   4358 |      2 |   3755 |
|  24616 |   9012 |      2 |   6592 |
|   5048 |    538 |      9 |    206 |
|   6756 |   5425 |      1 |   1331 |
|  22130 |  12709 |      1 |   9421 |
|  22957 |  18613 |      1 |   4344 |
|   3855 |    286 |     13 |    137 |
|  27899 |  16637 |      1 |  11262 |
|   8351 |   4040 |      2 |    271 |
|  16481 |    899 |     18 |    299 |
|  16396 |   2172 |      7 |   1192 |
|  27826 |  21294 |      1 |   6532 |
|   4870 |   1977 |      2 |    916 |
|  26327 |  14246 |      1 |  12081 |
|  13831 |   1795 |      7 |   1266 |
|  23338 |   9007 |      2 |   5324 |
|  16336 |  10845 |      1 |   5491 |
|  28001 |   1429 |     19 |    850 |
|  20763 |    464 |     44 |    347 |
|  23279 |   4343 |      5 |   1564 |
|  12762 |   3058 |      4 |    530 |
|  19965 |  19512 |      1 |    453 |
|  29394 |   3892 |      7 |   2150 |
|  27917 |  21799 |      1 |   6118 |
|  19550 |   4042 |      4 |   3382 |
|   3191 |   2691 |      1 |    500 |
|  31176 |  11759 |      2 |   7658 |
|   9098 |   1092 |      8 |    362 |
|  26225 |   5929 |      4 |   2509 |
|  18805 |   2797 |      6 |   2023 |
|  14941 |   2620 |      5 |   1841 |
|  27444 |   9743 |      2 |   7958 |
|  27580 |   5233 |      5 |   1415 |
|   6179 |   3059 |      2 |     61 |
|  11022 |  10234 |      1 |    788 |
|  10199 |   3930 |      2 |   2339 |
|  13073 |    668 |     19 |    381 |
|  23221 |  14929 |      1 |   8292 |
|  22897 |   3952 |      5 |   3137 |
|   7182 |   6222 |      1 |    960 |
|  15892 |   9171 |      1 |   6721 |
|  28817 |  23260 |      1 |   5557 |
|  17323 |   4041 |      4 |   1159 |
|  24420 |  21600 |      1 |   2820 |
|   4354 |   3327 |      1 |   1027 |
|  23042 |  12338 |      1 |  10704 |
|  32057 |  14615 |      2 |   2827 |
|  19299 |  15059 |      1 |   4240 |
|   7309 |   2050 |      3 |   1159 |
|   1475 |   1451 |      1 |     24 |
|  19187 |   7280 |      2 |   4627 |
|  29780 |  28790 |      1 |    990 |
|  24192 |   2959 |      8 |    520 |
|  26353 |  13433 |      1 |  12920 |
|  19686 |  13772 |      1 |   5914 |
|  13508 |  10047 |      1 |   3461 |
|  19285 |   4273 |      4 |   2193 |
|  30093 |  18329 |      1 |  11764 |
|  11048 |  10967 |      1 |     81 |
|   7103 |    425 |     16 |    303 |
|  14886 |   8950 |      1 |   5936 |
|   1118 |    905 |      1 |    213 |
|   9854 |   1818 |      5 |    764 |
|  27823 |  21312 |      1 |   6511 |
|    918 |    885 |      1 |     33 |
|   6808 |   2468 |      2 |   1872 |
|   3893 |    987 |      3 |    932 |
|    159 |     76 |      2 |      7 |
|   4795 |    804 |      5 |    775 |
|  13965 |    452 |     30 |    405 |
|  31633 |  27948 |      1 |   3685 |
|   6123 |   5969 |      1 |    154 |
|  15509 |   7958 |      1 |   7551 |
|   4232 |   4006 |      1 |    226 |
|   4360 |   1963 |      2 |    434 |
|  26652 |  15665 |      1 |  10987 |
|  19129 |  13225 |      1 |   5904 |
|   7143 |   1602 |      4 |    735 |
|   2248 |    662 |      3 |    262 |
|  25986 |   3281 |      7 |   3019 |
|  32313 |  13675 |      2 |   4963 |
|  12154 |   2157 |      5 |   1369 |
|  14856 |   5684 |      2 |   3488 |
|  14398 |   4922 |      2 |   4554 |
|  24004 |  12845 |      1 |  11159 |
|   1933 |    596 |      3 |    145 |
|  20480 |   9014 |      2 |   2452 |
|  12745 |   9983 |      1 |   2762 |
|   9037 |    137 |     65 |    132 |
|   1715 |    188 |      9 |     23 |
|  12490 |   2708 |      4 |   1658 |
|  30174 |  11805 |      2 |   6564 |
|  10438 |    879 |     11 |    769 |
|  16208 |  13892 |      1 |   2316 |
|  32675 |   7045 |      4 |   4495 |
|   8215 |   5587 |      1 |   2628 |
|   9475 |   5428 |      1 |   4047 |
|  32525 |   8709 |      3 |   6398 |
|  28260 |  27763 |      1 |    497 |
|  21091 |   7257 |      2 |   6577 |
|  20277 |  12945 |      1 |   7332 |
|  21146 |  14186 |      1 |   6960 |
|   4021 |   2769 |      1 |   1252 |
|  30781 |  25265 |      1 |   5516 |
|  13083 |   2359 |      5 |   1288 |
|  31000 |  24280 |      1 |   6720 |
|  21592 |   6470 |      3 |   2182 |
|  26309 |   7123 |      3 |   4940 |
|  16954 |   4375 |      3 |   3829 |
|  14560 |   6217 |      2 |   2126 |
|  26488 |  20729 |      1 |   5759 |
|   1319 |    520 |      2 |    279 |
|  11217 |   9863 |      1 |   1354 |
|   9890 |   9472 |      1 |    418 |
|  31585 |  27631 |      1 |   3954 |
|  28884 |   9342 |      3 |    858 |
|  16270 |   5156 |      3 |    802 |
|   9825 |   4119 |      2 |   1587 |
|  32574 |  28235 |      1 |   4339 |
|  20808 |  17174 |      1 |   3634 |
|  11507 |   8010 |      1 |   3497 |
|  25769 |   2237 |     11 |   1162 |
|   6954 |   6762 |      1 |    192 |
|  31863 |  10565 |      3 |    168 |
|  26988 |  13114 |      2 |    760 |
|  26401 |  10258 |      2 |   5885 |
|   1505 |    125 |     12 |      5 |
|  13042 |   4399 |      2 |   4244 |
|   3000 |    589 |      5 |     55 |
|     94 |     93 |      1 |      1 |
|  12618 |   7090 |      1 |   5528 |
|  23859 |  22885 |      1 |    974 |
|   5799 |    181 |     32 |      7 |
|  29734 |  25441 |      1 |   4293 |
|  21558 |   4160 |      5 |    758 |
|  16566 |   8013 |      2 |    540 |
|   8338 |   6177 |      1 |   2161 |
|   2826 |   2680 |      1 |    146 |
|   8402 |     99 |     84 |     86 |
|   4670 |    270 |     17 |     80 |
|  31994 |  21871 |      1 |  10123 |
|  20642 |   2285 |      9 |     77 |
|  13101 |   7958 |      1 |   5143 |
|  27357 |   1966 |     13 |   1799 |
|  14099 |   8184 |      1 |   5915 |
|  14482 |   1375 |     10 |    732 |
|  11972 |  10064 |      1 |   1908 |
|  30550 |   1670 |     18 |    490 |
|  12939 |   3098 |      4 |    547 |
|  15045 |  13727 |      1 |   1318 |
|  26845 |   3520 |      7 |   2205 |
|   5942 |   5062 |      1 |    880 |
|  23672 |   3917 |      6 |    170 |
|  12950 |  12609 |      1 |    341 |
|  16255 |   9721 |      1 |   6534 |
|    753 |     16 |     47 |      1 |
|  21031 |  12800 |      1 |   8231 |
|  23126 |  11379 |      2 |    368 |
|  19186 |  15587 |      1 |   3599 |
|  16608 |  16599 |      1 |      9 |
|  20739 |   7441 |      2 |   5857 |
|   4166 |    554 |      7 |    288 |
|  21231 |    736 |     28 |    623 |
|  24704 |  24442 |      1 |    262 |
|   5586 |   5275 |      1 |    311 |
|  16503 |    945 |     17 |    438 |
|  13014 |  12815 |      1 |    199 |
|  31489 |  23996 |      1 |   7493 |
|  27448 |  13369 |      2 |    710 |
|  25392 |  18632 |      1 |   6760 |
|   5568 |      9 |    618 |      6 |
|  20543 |  19196 |      1 |   1347 |
|  22267 |   5575 |      3 |   5542 |
|  13045 |    132 |     98 |    109 |
|  24045 |   1110 |     21 |    735 |
|  29871 |   7405 |      4 |    251 |
|   7778 |   6719 |      1 |   1059 |
|   6354 |   6145 |      1 |    209 |
|   7371 |   3635 |      2 |    101 |
|  12423 |   9086 |      1 |   3337 |
|  26376 |  20892 |      1 |   5484 |
|  29074 |  23284 |      1 |   5790 |
|    765 |     19 |     40 |      5 |
|   1545 |    646 |      2 |    253 |
|  31427 |  10549 |      2 |  10329 |
|  16873 |   1070 |     15 |    823 |
|   3377 |   1293 |      2 |    791 |
|  27262 |   7767 |      3 |   3961 |
|  15602 |   2136 |      7 |    650 |
|  32656 |    404 |     80 |    336 |
|   2311 |    912 |      2 |    487 |
|  28615 |   6611 |      4 |   2171 |
|  32464 |  17115 |      1 |  15349 |
|  15966 |   7901 |      2 |    164 |
|  11051 |   6667 |      1 |   4384 |
|  19209 |  17762 |      1 |   1447 |
|   4248 |   1212 |      3 |    612 |
|  30542 |  12157 |      2 |   6228 |
|  31692 |  14060 |      2 |   3572 |
|  31315 |   3815 |      8 |    795 |
|   2653 |   1535 |      1 |   1118 |
|  27108 |    831 |     32 |    516 |
|  28982 |   9329 |      3 |    995 |
|  24283 |  23282 |      1 |   1001 |
|  26370 |  11348 |      2 |   3674 |
|  12756 |   4739 |      2 |   3278 |
|  16958 |   3598 |      4 |   2566 |
|   4104 |   3597 |      1 |    507 |
|  20357 |  19266 |      1 |   1091 |
|  11461 |   3603 |      3 |    652 |
|  25731 |  14211 |      1 |  11520 |
|   9794 |    480 |     20 |    194 |
|   2826 |   2043 |      1 |    783 |
|  30168 |  22222 |      1 |   7946 |
|   8791 |   3539 |      2 |   1713 |
|  26172 |  20104 |      1 |   6068 |
|   2195 |    342 |      6 |    143 |
|  26514 |  11530 |      2 |   3454 |
|  27182 |  19712 |      1 |   7470 |
|  15260 |   1631 |      9 |    581 |
|    782 |    672 |      1 |    110 |
|   8835 |   2019 |      4 |    759 |
|  11103 |   7018 |      1 |   4085 |
|  18481 |  15764 |      1 |   2717 |
|  19281 |  13686 |      1 |   5595 |
|  25722 |   7409 |      3 |   3495 |
|  27827 |   8189 |      3 |   3260 |
|   6068 |   2133 |      2 |   1802 |
|    538 |     18 |     29 |     16 |
|  12222 |   1922 |      6 |    690 |
|  24732 |  11471 |      2 |   1790 |
|   1172 |     63 |     18 |     38 |
|  15921 |   6686 |      2 |   2549 |
|  19600 |   3869 |      5 |    255 |
|  21602 |  15057 |      1 |   6545 |
|   2068 |    900 |      2 |    268 |
|  12742 |   5466 |      2 |   1810 |
|  28889 |  12149 |      2 |   4591 |
|   4076 |   1671 |      2 |    734 |
|   6217 |   2119 |      2 |   1979 |
|  13079 |   8719 |      1 |   4360 |
|  24521 |  23650 |      1 |    871 |
|  27561 |   1573 |     17 |    820 |
|  13824 |   9462 |      1 |   4362 |
|  15741 |   6106 |      2 |   3529 |
|   2839 |    347 |      8 |     63 |
|  17975 |  13971 |      1 |   4004 |
|  27150 |   3084 |      8 |   2478 |
|  13495 |   3133 |      4 |    963 |
|  10199 |   7410 |      1 |   2789 |
|  18979 |   2721 |      6 |   2653 |
|  16588 |   2094 |      7 |   1930 |
|   3337 |   2410 |      1 |    927 |
|  29649 |   7718 |      3 |   6495 |
|   3564 |   2838 |      1 |    726 |
|  16041 |   3594 |      4 |   1665 |
|  20646 |   9346 |      2 |   1954 |
|  16623 |   3040 |      5 |   1423 |
|  32653 |  14546 |      2 |   3561 |
|  12275 |  11004 |      1 |   1271 |
|  30355 |  19716 |      1 |  10639 |
|   6982 |   4824 |      1 |   2158 |
|  30720 |  26278 |      1 |   4442 |
|  13443 |   7148 |      1 |   6295 |
|  15476 |  10404 |      1 |   5072 |
|   4199 |   3348 |      1 |    851 |
|  27333 |  25229 |      1 |   2104 |
|  19076 |   2221 |      8 |   1308 |
|  30537 |   2820 |     10 |   2337 |
|    659 |    451 |      1 |    208 |
|   3155 |   2603 |      1 |    552 |
|   5961 |   2120 |      2 |   1721 |
|  17293 |   2414 |      7 |    395 |
|  14262 |   5498 |      2 |   3266 |
|  21997 |  16439 |      1 |   5558 |
|  15375 |   6923 |      2 |   1529 |
|  24392 |    673 |     36 |    164 |
|  30995 |  13409 |      2 |   4177 |
|  11667 |   5610 |      2 |    447 |
|   6766 |   4709 |      1 |   2057 |
|  11385 |   5323 |      2 |    739 |
|   4020 |    261 |     15 |    105 |
|  18499 |   7855 |      2 |   2789 |
|  32551 |  24436 |      1 |   8115 |
|  18935 |   4924 |      3 |   4163 |
|  19038 |   7215 |      2 |   4608 |
|  15371 |    455 |     33 |    356 |
|  31357 |  23829 |      1 |   7528 |
|  21149 |  11596 |      1 |   9553 |
|   4054 |    526 |      7 |    372 |
|  22151 |  11284 |      1 |  10867 |
|  20985 |   7891 |      2 |   5203 |
|    501 |     19 |     26 |      7 |
|  16421 |  12795 |      1 |   3626 |
|  23888 |   5363 |      4 |   2436 |
|   7260 |    197 |     36 |    168 |
|  14884 |   8490 |      1 |   6394 |
|  24728 |  15979 |      1 |   8749 |
|  11620 |   6124 |      1 |   5496 |
|  25235 |    665 |     37 |    630 |
|   8980 |   2651 |      3 |   1027 |
|  19345 |  18889 |      1 |    456 |
|  31429 |   1946 |     16 |    293 |
|   7779 |   4726 |      1 |   3053 |
|  15853 |   3512 |      4 |   1805 |
|  29301 |  27004 |      1 |   2297 |
|   4891 |   2963 |      1 |   1928 |
|  29422 |  21989 |      1 |   7433 |
|   1475 |     58 |     25 |     25 |
|  10297 |   3145 |      3 |    862 |
|  30866 |   3153 |      9 |   2489 |
|   1040 |    605 |      1 |    435 |
|  32612 |  15166 |      2 |   2280 |
|   7064 |    908 |      7 |    708 |
|  23109 |  19961 |      1 |   3148 |
|   2224 |    379 |      5 |    329 |
|   3425 |   2280 |      1 |   1145 |
|   2490 |   1285 |      1 |   1205 |
|  26996 |  26232 |      1 |    764 |
|  24482 |  13501 |      1 |  10981 |
|  20216 |   9951 |      2 |    314 |
|  30526 |  22125 |      1 |   8401 |
|   5871 |    177 |     33 |     30 |
|  10374 |   1953 |      5 |    609 |
|  13037 |  11023 |      1 |   2014 |
|  29379 |  21603 |      1 |   7776 |
|  27366 |  15109 |      1 |  12257 |
|  18113 |  12913 |      1 |   5200 |
|  16499 |  12549 |      1 |   3950 |
|  29668 |  13275 |      2 |   3118 |
|   2428 |    665 |      3 |    433 |
|  26186 |  13532 |      1 |  12654 |
|  19548 |   7327 |      2 |   4894 |
|   4657 |   2811 |      1 |   1846 |
|  16558 |   1310 |     12 |    838 |
|  12029 |   8619 |      1 |   3410 |
|  15354 |   5117 |      3 |      3 |
|  25203 |  10917 |      2 |   3369 |
|  11141 |   6138 |      1 |   5003 |
|  18026 |   7322 |      2 |   3382 |
|  25293 |  19206 |      1 |   6087 |
|  22235 |   2002 |     11 |    213 |
|  21969 |   2351 |      9 |    810 |
|  27116 |   9099 |      2 |   8918 |
|  16365 |   8948 |      1 |   7417 |
|   8880 |   1709 |      5 |    335 |
|   3587 |   3037 |      1 |    550 |
|  24787 |  19078 |      1 |   5709 |
|  26361 |  24000 |      1 |   2361 |
|   7517 |   2701 |      2 |   2115 |
|   1936 |   1820 |      1 |    116 |
|  29327 |  24474 |      1 |   4853 |
|  18254 |   5945 |      3 |    419 |
|   3625 |   1189 |      3 |     58 |
|   4794 |   2214 |      2 |    366 |
|  10409 |    825 |     12 |    509 |
|  32674 |  30431 |      1 |   2243 |
|  13597 |   3517 |      3 |   3046 |
|   1551 |   1093 |      1 |    458 |
|   7272 |   2173 |      3 |    753 |
|   6575 |   4661 |      1 |   1914 |
|  11303 |   9075 |      1 |   2228 |
|  18382 |   9926 |      1 |   8456 |
|  26339 |  17731 |      1 |   8608 |
|  18029 |  16653 |      1 |   1376 |
|    996 |    305 |      3 |     81 |
|   5747 |   3102 |      1 |   2645 |
|  22337 |  11036 |      2 |    265 |
|    255 |     90 |      2 |     75 |
|   3215 |   3107 |      1 |    108 |
|   6901 |   5456 |      1 |   1445 |
|  25709 |   4773 |      5 |   1844 |
|   1509 |   1034 |      1 |    475 |
|  25515 |   3618 |      7 |    189 |
|   7926 |    505 |     15 |    351 |
|  13627 |  10326 |      1 |   3301 |
|   6320 |   5009 |      1 |   1311 |
|  25797 |  24688 |      1 |   1109 |
|  10092 |   5306 |      1 |   4786 |
|  11201 |   3624 |      3 |    329 |
|  12654 |   4037 |      3 |    543 |
|  14807 |  12558 |      1 |   2249 |
|   2418 |   1839 |      1 |    579 |
|  23834 |  20251 |      1 |   3583 |
|   5420 |   2666 |      2 |     88 |
|  25422 |  15661 |      1 |   9761 |
|   4885 |   3463 |      1 |   1422 |
|  16113 |   2287 |      7 |    104 |
|  28026 |  25774 |      1 |   2252 |
|  24264 |  21008 |      1 |   3256 |
|  16323 |    707 |     23 |     62 |
|  22021 |  14442 |      1 |   7579 |
|  27519 |  15920 |      1 |  11599 |
|   7369 |    983 |      7 |    488 |
|  25904 |  17875 |      1 |   8029 |
|  30113 |  23053 |      1 |   7060 |
|  28315 |  22187 |      1 |   6128 |
|  28211 |  16935 |      1 |  11276 |
|    257 |      2 |    128 |      1 |
|  24267 |   6925 |      3 |   3492 |
|  31373 |  24283 |      1 |   7090 |
|  14373 |   4854 |      2 |   4665 |
|  29809 |  14545 |      2 |    719 |
|   5532 |    916 |      6 |     36 |
|  26002 |  14764 |      1 |  11238 |
|  15513 |  12041 |      1 |   3472 |
|   1565 |    730 |      2 |    105 |
|  14240 |  13055 |      1 |   1185 |
|   2794 |   2036 |      1 |    758 |
|  22281 |  11722 |      1 |  10559 |
|   8993 |   4842 |      1 |   4151 |
|  28871 |  21721 |      1 |   7150 |
|  29157 |    524 |     55 |    337 |
|  24828 |  17012 |      1 |   7816 |
|  20599 |  10550 |      1 |  10049 |
|  27312 |   6539 |      4 |   1156 |
|  23722 |  17151 |      1 |   6571 |
|  11930 |   4780 |      2 |   2370 |
|  10641 |   4898 |      2 |    845 |
|  27374 |  24704 |      1 |   2670 |
|  13736 |   5054 |      2 |   3628 |
|   4134 |   3325 |      1 |    809 |
|   6749 |   1681 |      4 |     25 |
|  13202 |   3284 |      4 |     66 |
|    102 |     18 |      5 |     12 |
|    345 |    282 |      1 |     63 |
|  19455 |  13873 |      1 |   5582 |
|  22793 |   8158 |      2 |   6477 |
|   6816 |   3714 |      1 |   3102 |
|   5035 |   1756 |      2 |   1523 |
|  14164 |   9801 |      1 |   4363 |
|   5033 |   4396 |      1 |    637 |
|   7721 |   1791 |      4 |    557 |
|  12119 |   6073 |      1 |   6046 |
|  32713 |   4549 |      7 |    870 |
|  10003 |   6979 |      1 |   3024 |
|  18422 |  11219 |      1 |   7203 |
|  23200 |   9722 |      2 |   3756 |
|  12892 |   4847 |      2 |   3198 |
|   4983 |   3048 |      1 |   1935 |
|   6803 |   5336 |      1 |   1467 |
|  31810 |  27966 |      1 |   3844 |
|   3821 |   2516 |      1 |   1305 |
|  26845 |  18160 |      1 |   8685 |
|  24695 |   4755 |      5 |    920 |
|  32371 |   5280 |      6 |    691 |
|   3952 |   2587 |      1 |   1365 |
|  30327 |  29437 |      1 |    890 |
|  32411 |   7205 |      4 |   3591 |
|   4382 |   4281 |      1 |    101 |
|  23700 |   8637 |      2 |   6426 |
|   7732 |   3769 |      2 |    194 |
|  11074 |   9833 |      1 |   1241 |
|  19292 |   3614 |      5 |   1222 |
|   3236 |   2822 |      1 |    414 |
|  28204 |   9070 |      3 |    994 |
|   6483 |    782 |      8 |    227 |
|  28904 |   6496 |      4 |   2920 |
|  23622 |  19458 |      1 |   4164 |
|   9336 |   8951 |      1 |    385 |
|  30051 |  29229 |      1 |    822 |
|   3905 |   1353 |      2 |   1199 |
|  15490 |  10304 |      1 |   5186 |
|  22039 |    853 |     25 |    714 |
|  31538 |  22672 |      1 |   8866 |
|  21221 |   1287 |     16 |    629 |
|  30261 |  19792 |      1 |  10469 |
|  30548 |   7687 |      3 |   7487 |
|   3154 |   2523 |      1 |    631 |
|   3474 |   1689 |      2 |     96 |
|  25213 |   5665 |      4 |   2553 |
|  13353 |    108 |    123 |     69 |
|  20341 |    629 |     32 |    213 |
|  24392 |   7711 |      3 |   1259 |
|  19698 |   4262 |      4 |   2650 |
|   8817 |   3541 |      2 |   1735 |
|  18965 |  10799 |      1 |   8166 |
|   8460 |   6334 |      1 |   2126 |
|   5364 |   2299 |      2 |    766 |
|  15245 |   1270 |     12 |      5 |
|  10545 |   7711 |      1 |   2834 |
|  16266 |  13376 |      1 |   2890 |
|   4967 |   3804 |      1 |   1163 |
|  27374 |   4853 |      5 |   3109 |
|   8119 |   1806 |      4 |    895 |
|  11943 |   1518 |      7 |   1317 |
|   7349 |    173 |     42 |     83 |
|  26447 |   9749 |      2 |   6949 |
|  30898 |  18964 |      1 |  11934 |
|  14234 |   2301 |      6 |    428 |
|   8744 |   1760 |      4 |   1704 |
|   3575 |   2509 |      1 |   1066 |
|  25698 |  18367 |      1 |   7331 |
|   5689 |   3956 |      1 |   1733 |
|  26678 |  17830 |      1 |   8848 |
|   4861 |    135 |     36 |      1 |
|   7053 |   2164 |      3 |    561 |
|   3663 |   2912 |      1 |    751 |
|  22387 |  15015 |      1 |   7372 |
|  21918 |  11233 |      1 |  10685 |
|  10960 |  10484 |      1 |    476 |
|  22849 |    843 |     27 |     88 |
|  14676 |   1696 |      8 |   1108 |
|  20447 |  19849 |      1 |    598 |
|  16644 |  10913 |      1 |   5731 |
|   7918 |   5237 |      1 |   2681 |
|    323 |     86 |      3 |     65 |
|   8438 |   5097 |      1 |   3341 |
|  22982 |   8087 |      2 |   6808 |
|    702 |    254 |      2 |    194 |
|   2973 |    684 |      4 |    237 |
|  25037 |  24947 |      1 |     90 |
|   3359 |   2587 |      1 |    772 |
|  12191 |   9806 |      1 |   2385 |
|  32124 |  12342 |      2 |   7440 |
|  32251 |  31323 |      1 |    928 |
|  16523 |   2578 |      6 |   1055 |
|  21419 |  18792 |      1 |   2627 |
|  10632 |   8731 |      1 |   1901 |
|  18981 |  13026 |      1 |   5955 |
|  27126 |  16615 |      1 |  10511 |
|   1044 |     54 |     19 |     18 |
|   7292 |   1335 |      5 |    617 |
|  14867 |   7999 |      1 |   6868 |
|  17185 |   5703 |      3 |     76 |
|   1068 |    603 |      1 |    465 |
|  30333 |   8709 |      3 |   4206 |
|  31245 |  15046 |      2 |   1153 |
|  17084 |  11217 |      1 |   5867 |
|   1524 |   1413 |      1 |    111 |
|  29635 |  13313 |      2 |   3009 |
|  15374 |  10872 |      1 |   4502 |
|  24601 |   8764 |      2 |   7073 |
|  11143 |   1288 |      8 |    839 |
|  22376 |   4031 |      5 |   2221 |
|  30523 |  21671 |      1 |   8852 |
|   7776 |   1858 |      4 |    344 |
|  14256 |  10029 |      1 |   4227 |
|  16476 |   5270 |      3 |    666 |
|  16834 |  11964 |      1 |   4870 |
|  23895 |  10387 |      2 |   3121 |
|   8584 |   7542 |      1 |   1042 |
|  29595 |  23062 |      1 |   6533 |
|   5412 |   3528 |      1 |   1884 |
|   9013 |   4228 |      2 |    557 |
|  16822 |  12535 |      1 |   4287 |
|   7944 |   7344 |      1 |    600 |
|   9965 |   8738 |      1 |   1227 |
|   5281 |   1528 |      3 |    697 |
|  13380 |   3163 |      4 |    728 |
|  20614 |    838 |     24 |    502 |
|  26327 |  10122 |      2 |   6083 |
|  17460 |   5707 |      3 |    339 |
|  17462 |   8096 |      2 |   1270 |
|  29139 |  11131 |      2 |   6877 |
|  20554 |   7761 |      2 |   5032 |
|  21009 |   6939 |      3 |    192 |
|   6284 |   2521 |      2 |   1242 |
|  16573 |   2798 |      5 |   2583 |
|  31751 |   1494 |     21 |    377 |
|   6495 |   5719 |      1 |    776 |
|  29434 |   2751 |     10 |   1924 |
|  11775 |   9143 |      1 |   2632 |
|   1505 |    410 |      3 |    275 |
|    484 |    193 |      2 |     98 |
|  28167 |  23027 |      1 |   5140 |
|   2058 |    344 |      5 |    338 |
|  29803 |  13245 |      2 |   3313 |
|  15931 |  12122 |      1 |   3809 |
|   8676 |   3253 |      2 |   2170 |
|  11656 |   8883 |      1 |   2773 |
|  31301 |   9220 |      3 |   3641 |
|   1539 |    695 |      2 |    149 |
|   4722 |   1194 |      3 |   1140 |
|  11801 |   5258 |      2 |   1285 |
|  12930 |   2825 |      4 |   1630 |
|  14037 |   3519 |      3 |   3480 |
|  18355 |   5768 |      3 |   1051 |
|  13340 |   3687 |      3 |   2279 |
|  18754 |   5169 |      3 |   3247 |
|   7492 |    768 |      9 |    580 |
|  31486 |   4365 |      7 |    931 |
|  32322 |  25998 |      1 |   6324 |
|   9321 |   3277 |      2 |   2767 |
|   9208 |   7808 |      1 |   1400 |
|  21393 |  18366 |      1 |   3027 |
|  14814 |   4808 |      3 |    390 |
|  18167 |   9064 |      2 |     39 |
|   3272 |   1164 |      2 |    944 |
|  29673 |    189 |    157 |      0 |
|  24345 |   9247 |      2 |   5851 |
|  27160 |   2985 |      9 |    295 |
|  29599 |   4586 |      6 |   2083 |
|  27633 |   5148 |      5 |   1893 |
|  23869 |  11416 |      2 |   1037 |
|  30706 |  21215 |      1 |   9491 |
|  15300 |  11753 |      1 |   3547 |
|   8771 |   7981 |      1 |    790 |
|  27259 |   8625 |      3 |   1384 |
|  27483 |  13414 |      2 |    655 |
|  15298 |   5142 |      2 |   5014 |
|  13423 |   2473 |      5 |   1058 |
|  31689 |  30713 |      1 |    976 |
|  32716 |  27708 |      1 |   5008 |
|  14352 |  10395 |      1 |   3957 |
|  28346 |   7606 |      3 |   5528 |
|  25860 |  24628 |      1 |   1232 |
|   7513 |   2207 |      3 |    892 |
|  17634 |  10017 |      1 |   7617 |
|  15174 |  14442 |      1 |    732 |
|   1999 |   1963 |      1 |     36 |
|  31923 |  18642 |      1 |  13281 |
|   7463 |   6895 |      1 |    568 |
|   4654 |   1226 |      3 |    976 |
|  32282 |   9175 |      3 |   4757 |
|  16926 |  13484 |      1 |   3442 |
|  25787 |  25100 |      1 |    687 |
|  31429 |  20742 |      1 |  10687 |
|  30174 |  15569 |      1 |  14605 |
|  14650 |  11322 |      1 |   3328 |
|   4937 |   1635 |      3 |     32 |
|  21351 |   8602 |      2 |   4147 |
|   4464 |     39 |    114 |     18 |
|   5349 |   3298 |      1 |   2051 |
|  16190 |  14507 |      1 |   1683 |
|  17895 |  10740 |      1 |   7155 |
|  14257 |   3502 |      4 |    249 |
|  21182 |  10921 |      1 |  10261 |
|   3321 |   1640 |      2 |     41 |
|   3206 |   1908 |      1 |   1298 |
|  26723 |  11611 |      2 |   3501 |
|   7100 |   2523 |      2 |   2054 |
|   5981 |   5062 |      1 |    919 |
|   9214 |   3449 |      2 |   2316 |
|  28398 |   2458 |     11 |   1360 |
|   4422 |    784 |      5 |    502 |
|  24161 |  14924 |      1 |   9237 |
|  24632 |  14182 |      1 |  10450 |
|  20619 |  18839 |      1 |   1780 |
|  24186 |   4670 |      5 |    836 |
|  23300 |  14173 |      1 |   9127 |
|  23835 |   3903 |      6 |    417 |
|  19166 |  11760 |      1 |   7406 |
|  10790 |   6566 |      1 |   4224 |
|  10840 |   7525 |      1 |   3315 |
|  19628 |   1411 |     13 |   1285 |
|  10896 |  10799 |      1 |     97 |
|  27004 |   1178 |     22 |   1088 |
|  23214 |  15458 |      1 |   7756 |
|  24875 |  22258 |      1 |   2617 |
|   9253 |   1757 |      5 |    468 |
|  16314 |  16312 |      1 |      2 |
|  25650 |  13576 |      1 |  12074 |
|   5054 |    672 |      7 |    350 |
|  26263 |   2125 |     12 |    763 |
|   3867 |   1029 |      3 |    780 |
|  18046 |  15169 |      1 |   2877 |
|  24433 |  14491 |      1 |   9942 |
|   2891 |   2180 |      1 |    711 |
|  15921 |  11961 |      1 |   3960 |
|  32619 |  28151 |      1 |   4468 |
|  20425 |  17694 |      1 |   2731 |
|   4661 |   1057 |      4 |    433 |
|  21354 |   8979 |      2 |   3396 |
|   2771 |   2661 |      1 |    110 |
|  12254 |   3004 |      4 |    238 |
|  13831 |   7144 |      1 |   6687 |
|  22321 |  12795 |      1 |   9526 |
|  26381 |  19053 |      1 |   7328 |
|   7031 |   2194 |      3 |    449 |
|  31638 |  31074 |      1 |    564 |
